<?xml version="1.0" encoding="UTF-8"?>
<testng-results skipped="0" failed="0" total="1" passed="1">
  <reporter-output>
  </reporter-output>
  <suite name="Test" duration-ms="35740" started-at="2016-06-03T04:31:04Z" finished-at="2016-06-03T04:31:39Z">
    <groups>
    </groups>
    <test name="Login" duration-ms="35740" started-at="2016-06-03T04:31:04Z" finished-at="2016-06-03T04:31:39Z">
      <class name="browser.AppDemo">
        <test-method status="PASS" signature="setUp()[pri:0, instance:browser.AppDemo@8aef2b]" name="setUp" is-config="true" duration-ms="21838" started-at="2016-06-03T12:31:04Z" finished-at="2016-06-03T12:31:25Z">
          <reporter-output>
          </reporter-output>
        </test-method> <!-- setUp -->
        <test-method status="PASS" signature="addContact()[pri:0, instance:browser.AppDemo@8aef2b]" name="addContact" duration-ms="12064" started-at="2016-06-03T12:31:25Z" finished-at="2016-06-03T12:31:37Z">
          <reporter-output>
          </reporter-output>
        </test-method> <!-- addContact -->
        <test-method status="PASS" signature="tearDown()[pri:0, instance:browser.AppDemo@8aef2b]" name="tearDown" is-config="true" duration-ms="1820" started-at="2016-06-03T12:31:37Z" finished-at="2016-06-03T12:31:39Z">
          <reporter-output>
          </reporter-output>
        </test-method> <!-- tearDown -->
      </class> <!-- browser.AppDemo -->
    </test> <!-- Login -->
  </suite> <!-- Test -->
</testng-results>
